<?xml version="1.0" encoding="utf-8"?><testsuites name="pytest tests"><testsuite name="pytest" errors="0" failures="0" skipped="0" tests="12" time="52.798" timestamp="2026-08-10T02:31:27.466032+00:00" hostname="agent-env-9bd4e6a7-6850-4706-87ff-bf7b46f73d56"><testcase classname="tests.test_studyace_features.TestPreviewOriginal" name="test_download_original_via_cookie" time="5.541" /><testcase classname="tests.test_studyace_features.TestPreviewOriginal" name="test_get_text_still_works" time="0.049" /><testcase classname="tests.test_studyace_features.TestStudyGuide" name="test_generate" time="15.186" /><testcase classname="tests.test_studyace_features.TestWalkthrough" name="test_generate" time="26.454" /><testcase classname="tests.test_studyace_features.TestStudyGuide" name="test_checklist_persist" time="0.094" /><testcase classname="tests.test_studyace_features.TestAutoName" name="test_suggested_name_present" time="0.000" /><testcase classname="tests.test_studyace_features.TestKeyTerms" name="test_generate_alphabetical" time="15.130" /><testcase classname="tests.test_studyace_features.TestWalkthrough" name="test_get" time="0.052" /><testcase classname="tests.test_studyace_features.TestWalkthrough" name="test_progress_persists" time="0.125" /><testcase classname="tests.test_studyace_features.TestWalkthrough" name="test_list" time="0.049" /><testcase classname="tests.test_studyace_features.TestQuizFormulaMix" name="test_generate_with_formulas" time="9.676" /><testcase classname="tests.test_studyace_features.TestChatClean" name="test_chat_no_raw_markdown" time="6.653" /></testsuite></testsuites>