<?xml version="1.0" encoding="utf-8"?><testsuites name="pytest tests"><testsuite name="pytest" errors="0" failures="6" skipped="0" tests="32" time="61.507" timestamp="2026-08-10T02:42:11.349863+00:00" hostname="agent-env-9bd4e6a7-6850-4706-87ff-bf7b46f73d56"><testcase classname="tests.test_studyace_backend.TestAuth" name="test_me" time="0.650" /><testcase classname="tests.test_studyace_backend.TestAuth" name="test_duplicate_register" time="0.045" /><testcase classname="tests.test_studyace_backend.TestAuth" name="test_login_admin" time="1.877" /><testcase classname="tests.test_studyace_backend.TestAuth" name="test_login_bad" time="0.370" /><testcase classname="tests.test_studyace_backend.TestQuizzes" name="test_generate_mcq_in_folder" time="5.129"><failure message="AssertionError: folder must exist first&#10;assert None&#10; +  where None = getattr(pytest, 'folder_id', None)">backend/tests/test_studyace_backend.py:123: in test_generate_mcq_in_folder
    assert getattr(pytest, "folder_id", None), "folder must exist first"
E   AssertionError: folder must exist first
E   assert None
E    +  where None = getattr(pytest, 'folder_id', None)</failure></testcase><testcase classname="tests.test_studyace_backend.TestQuizzes" name="test_generate_flashcards" time="5.417" /><testcase classname="tests.test_studyace_features.TestWalkthrough" name="test_generate" time="19.518" /><testcase classname="tests.test_studyace_backend.TestQuizzes" name="test_generate_fill_blank_max_50" time="6.875" /><testcase classname="tests.test_studyace_backend.TestQuizzes" name="test_list_quizzes_folder_count" time="0.051"><failure message="AttributeError: module 'pytest' has no attribute 'folder_id'">backend/tests/test_studyace_backend.py:152: in test_list_quizzes_folder_count
    assert any(q.get("folder_id") == pytest.folder_id for q in r.json())
           ^^^^^^^^^^^^^^^^^^^^^^^^^^^^^^^^^^^^^^^^^^^^^^^^^^^^^^^^^^^^^
backend/tests/test_studyace_backend.py:152: in &lt;genexpr&gt;
    assert any(q.get("folder_id") == pytest.folder_id for q in r.json())
                                     ^^^^^^^^^^^^^^^^
E   AttributeError: module 'pytest' has no attribute 'folder_id'</failure></testcase><testcase classname="tests.test_studyace_backend.TestQuizzes" name="test_attempt_mcq_all_correct" time="0.000"><failure message="AttributeError: module 'pytest' has no attribute 'mcq_quiz_id'">backend/tests/test_studyace_backend.py:159: in test_attempt_mcq_all_correct
    qid = pytest.mcq_quiz_id
          ^^^^^^^^^^^^^^^^^^
E   AttributeError: module 'pytest' has no attribute 'mcq_quiz_id'</failure></testcase><testcase classname="tests.test_studyace_backend.TestQuizzes" name="test_rename_and_move_quiz" time="0.000"><failure message="AttributeError: module 'pytest' has no attribute 'mcq_quiz_id'">backend/tests/test_studyace_backend.py:168: in test_rename_and_move_quiz
    qid = pytest.mcq_quiz_id
          ^^^^^^^^^^^^^^^^^^
E   AttributeError: module 'pytest' has no attribute 'mcq_quiz_id'</failure></testcase><testcase classname="tests.test_studyace_backend.TestQuizzes" name="test_delete_quiz" time="0.098" /><testcase classname="tests.test_studyace_backend.TestQuizzes" name="test_delete_folder_unassigns" time="0.000"><failure message="AttributeError: module 'pytest' has no attribute 'folder_id'">backend/tests/test_studyace_backend.py:183: in test_delete_folder_unassigns
    fid = pytest.folder_id
          ^^^^^^^^^^^^^^^^
E   AttributeError: module 'pytest' has no attribute 'folder_id'</failure></testcase><testcase classname="tests.test_studyace_backend.TestCourses" name="test_get_course" time="0.047" /><testcase classname="tests.test_studyace_backend.TestCourses" name="test_list_courses" time="0.049" /><testcase classname="tests.test_studyace_backend.TestDocuments" name="test_list_docs" time="0.047" /><testcase classname="tests.test_studyace_backend.TestDocuments" name="test_get_text" time="0.049" /><testcase classname="tests.test_studyace_features.TestPreviewOriginal" name="test_download_original_via_cookie" time="3.250" /><testcase classname="tests.test_studyace_features.TestPreviewOriginal" name="test_get_text_still_works" time="0.049" /><testcase classname="tests.test_studyace_features.TestStudyGuide" name="test_generate" time="10.210" /><testcase classname="tests.test_studyace_features.TestWalkthrough" name="test_get" time="0.049" /><testcase classname="tests.test_studyace_features.TestWalkthrough" name="test_progress_persists" time="0.095" /><testcase classname="tests.test_studyace_features.TestWalkthrough" name="test_list" time="0.046" /><testcase classname="tests.test_studyace_backend.TestChat" name="test_chat" time="5.556" /><testcase classname="tests.test_studyace_backend.TestStudyPlan" name="test_create_plan" time="17.152" /><testcase classname="tests.test_studyace_features.TestStudyGuide" name="test_checklist_persist" time="0.099" /><testcase classname="tests.test_studyace_backend.TestFolders" name="test_create_and_list" time="0.109" /><testcase classname="tests.test_studyace_features.TestKeyTerms" name="test_generate_alphabetical" time="12.802" /><testcase classname="tests.test_studyace_features.TestQuizFormulaMix" name="test_generate_with_formulas" time="9.411" /><testcase classname="tests.test_studyace_backend.TestDashboard" name="test_dashboard" time="0.047"><failure message="assert 0 &gt;= 1">backend/tests/test_studyace_backend.py:218: in test_dashboard
    assert d["attempts"] &gt;= 1
E   assert 0 &gt;= 1</failure></testcase><testcase classname="tests.test_studyace_features.TestAutoName" name="test_suggested_name_present" time="3.975" /><testcase classname="tests.test_studyace_features.TestChatClean" name="test_chat_no_raw_markdown" time="7.279" /></testsuite></testsuites>