<?xml version="1.0" encoding="utf-8"?><testsuites name="pytest tests"><testsuite name="pytest" errors="0" failures="0" skipped="0" tests="20" time="45.797" timestamp="2026-08-10T01:51:05.674173+00:00" hostname="agent-env-9bd4e6a7-6850-4706-87ff-bf7b46f73d56"><testcase classname="tests.test_studyace_backend.TestAuth" name="test_me" time="0.412" /><testcase classname="tests.test_studyace_backend.TestAuth" name="test_duplicate_register" time="0.057" /><testcase classname="tests.test_studyace_backend.TestAuth" name="test_login_admin" time="0.331" /><testcase classname="tests.test_studyace_backend.TestAuth" name="test_login_bad" time="0.357" /><testcase classname="tests.test_studyace_backend.TestCourses" name="test_get_course" time="0.097" /><testcase classname="tests.test_studyace_backend.TestCourses" name="test_list_courses" time="0.053" /><testcase classname="tests.test_studyace_backend.TestDocuments" name="test_list_docs" time="0.332" /><testcase classname="tests.test_studyace_backend.TestDocuments" name="test_get_text" time="0.047" /><testcase classname="tests.test_studyace_backend.TestFolders" name="test_create_and_list" time="0.115" /><testcase classname="tests.test_studyace_backend.TestQuizzes" name="test_generate_mcq_in_folder" time="5.567" /><testcase classname="tests.test_studyace_backend.TestQuizzes" name="test_generate_flashcards" time="4.436" /><testcase classname="tests.test_studyace_backend.TestQuizzes" name="test_generate_fill_blank_max_50" time="4.922" /><testcase classname="tests.test_studyace_backend.TestQuizzes" name="test_list_quizzes_folder_count" time="0.093" /><testcase classname="tests.test_studyace_backend.TestQuizzes" name="test_attempt_mcq_all_correct" time="0.053" /><testcase classname="tests.test_studyace_backend.TestQuizzes" name="test_rename_and_move_quiz" time="0.094" /><testcase classname="tests.test_studyace_backend.TestQuizzes" name="test_delete_quiz" time="0.090" /><testcase classname="tests.test_studyace_backend.TestQuizzes" name="test_delete_folder_unassigns" time="0.096" /><testcase classname="tests.test_studyace_backend.TestChat" name="test_chat" time="1.748" /><testcase classname="tests.test_studyace_backend.TestStudyPlan" name="test_create_plan" time="26.765" /><testcase classname="tests.test_studyace_backend.TestDashboard" name="test_dashboard" time="0.054" /></testsuite></testsuites>